#
# There is insufficient memory for the Java Runtime Environment to continue.
# Native memory allocation (malloc) failed to allocate 834640 bytes for Chunk::new
# Possible reasons:
#   The system is out of physical RAM or swap space
#   In 32 bit mode, the process size limit was hit
# Possible solutions:
#   Reduce memory load on the system
#   Increase physical memory or swap space
#   Check if swap backing store is full
#   Use 64 bit Java on a 64 bit OS
#   Decrease Java heap size (-Xmx/-Xms)
#   Decrease number of Java threads
#   Decrease Java thread stack sizes (-Xss)
#   Set larger code cache with -XX:ReservedCodeCacheSize=
# This output file may be truncated or incomplete.
#
#  Out of Memory Error (allocation.cpp:390), pid=13196, tid=12020
#
# JRE version: Java(TM) SE Runtime Environment (8.0_77-b03) (build 1.8.0_77-b03)
# Java VM: Java HotSpot(TM) 64-Bit Server VM (25.77-b03 mixed mode windows-amd64 compressed oops)
# Failed to write core dump. Minidumps are not enabled by default on client versions of Windows
#

---------------  T H R E A D  ---------------

Current thread (0x0000000014b04800):  JavaThread "C2 CompilerThread0" daemon [_thread_in_native, id=12020, stack(0x00000000159e0000,0x0000000015ae0000)]

Stack: [0x00000000159e0000,0x0000000015ae0000]
[error occurred during error reporting (printing stack bounds), id 0xc0000005]

Native frames: (J=compiled Java code, j=interpreted, Vv=VM code, C=native code)


Current CompileTask:
C2:   3766 1689   !   4       com.android.dx.cf.code.RopperMachine::run (1550 bytes)


---------------  P R O C E S S  ---------------

Java Threads: ( => current thread )
  0x0000000015d12800 JavaThread "pool-1-thread-4" [_thread_in_Java, id=11216, stack(0x00000000165e0000,0x00000000166e0000)]
  0x0000000015d0f800 JavaThread "pool-1-thread-3" [_thread_blocked, id=11484, stack(0x00000000164e0000,0x00000000165e0000)]
  0x0000000015d09800 JavaThread "pool-1-thread-2" [_thread_blocked, id=13236, stack(0x00000000163e0000,0x00000000164e0000)]
  0x0000000015d04800 JavaThread "pool-2-thread-1" [_thread_blocked, id=12920, stack(0x00000000162e0000,0x00000000163e0000)]
  0x0000000015d04000 JavaThread "pool-1-thread-1" [_thread_blocked, id=10960, stack(0x00000000161e0000,0x00000000162e0000)]
  0x0000000015af7000 JavaThread "Service Thread" daemon [_thread_blocked, id=10556, stack(0x0000000015fe0000,0x00000000160e0000)]
  0x0000000014b4b000 JavaThread "C1 CompilerThread1" daemon [_thread_blocked, id=12904, stack(0x0000000015ee0000,0x0000000015fe0000)]
=>0x0000000014b04800 JavaThread "C2 CompilerThread0" daemon [_thread_in_native, id=12020, stack(0x00000000159e0000,0x0000000015ae0000)]
  0x0000000014ab8000 JavaThread "Attach Listener" daemon [_thread_blocked, id=11600, stack(0x00000000158e0000,0x00000000159e0000)]
  0x0000000014ab6800 JavaThread "Signal Dispatcher" daemon [_thread_blocked, id=13080, stack(0x00000000157e0000,0x00000000158e0000)]
  0x0000000014a98800 JavaThread "Finalizer" daemon [_thread_blocked, id=2124, stack(0x00000000156e0000,0x00000000157e0000)]
  0x000000000260c800 JavaThread "Reference Handler" daemon [_thread_blocked, id=11520, stack(0x00000000155e0000,0x00000000156e0000)]
  0x0000000002520800 JavaThread "main" [_thread_blocked, id=8936, stack(0x00000000023c0000,0x00000000024c0000)]

Other Threads:
  0x0000000014a76000 VMThread [stack: 0x00000000154e0000,0x00000000155e0000] [id=6876]
  0x0000000015b0e000 WatcherThread [stack: 0x00000000160e0000,0x00000000161e0000] [id=10508]

VM state:not at safepoint (normal execution)

VM Mutex/Monitor currently owned by a thread: None

Heap:
 PSYoungGen      total 38400K, used 9865K [0x00000000eab00000, 0x00000000ed580000, 0x0000000100000000)
  eden space 33280K, 14% used [0x00000000eab00000,0x00000000eafa7438,0x00000000ecb80000)
  from space 5120K, 99% used [0x00000000ed080000,0x00000000ed57b090,0x00000000ed580000)
  to   space 5120K, 0% used [0x00000000ecb80000,0x00000000ecb80000,0x00000000ed080000)
 ParOldGen       total 87552K, used 15752K [0x00000000c0000000, 0x00000000c5580000, 0x00000000eab00000)
  object space 87552K, 17% used [0x00000000c0000000,0x00000000c0f62010,0x00000000c5580000)
 Metaspace       used 6349K, capacity 7158K, committed 7296K, reserved 1056768K
  class space    used 609K, capacity 622K, committed 640K, reserved 1048576K

Card table byte_map: [0x00000000119e0000,0x0000000011bf0000] byte_map_base: 0x00000000113e0000

Marking Bits: (ParMarkBitMap*) 0x0000000063900600
 Begin Bits: [0x0000000011f50000, 0x0000000012f50000)
 End Bits:   [0x0000000012f50000, 0x0000000013f50000)

Polling page: 0x00000000004d0000

CodeCache: size=245760Kb used=7351Kb max_used=7351Kb free=238408Kb
 bounds [0x0000000002620000, 0x0000000002d60000, 0x0000000011620000]
 total_blobs=1978 nmethods=1708 adapters=184
 compilation: enabled

Compilation events (10 events):
Event: 3.687 Thread 0x0000000014b4b000 1717       2       com.android.dx.rop.cst.Constant::compareTo (33 bytes)
Event: 3.688 Thread 0x0000000014b4b000 nmethod 1717 0x0000000002d3cf90 code [0x0000000002d3d120, 0x0000000002d3d398]
Event: 3.688 Thread 0x0000000014b4b000 1718       2       com.android.dx.ssa.SsaInsn::makeFromRop (10 bytes)
Event: 3.688 Thread 0x0000000014b4b000 nmethod 1718 0x0000000002d3ca10 code [0x0000000002d3cb80, 0x0000000002d3ce08]
Event: 3.691 Thread 0x0000000014b4b000 1719       2       com.android.dx.cf.code.LocalVariableList::get (9 bytes)
Event: 3.691 Thread 0x0000000014b4b000 nmethod 1719 0x0000000002d3c650 code [0x0000000002d3c7c0, 0x0000000002d3c968]
Event: 3.691 Thread 0x0000000014b4b000 1720       2       com.android.dx.cf.code.LocalVariableList::set (21 bytes)
Event: 3.692 Thread 0x0000000014b4b000 nmethod 1720 0x0000000002d533d0 code [0x0000000002d53580, 0x0000000002d53a98]
Event: 3.696 Thread 0x0000000014b4b000 1721       2       com.android.dx.ssa.back.FirstFitLocalCombiningAllocator$Multiset::getAndRemoveHighestCount (63 bytes)
Event: 3.696 Thread 0x0000000014b4b000 nmethod 1721 0x0000000002d54010 code [0x0000000002d54180, 0x0000000002d543d0]

GC Heap History (8 events):
Event: 1.743 GC heap before
{Heap before GC invocations=1 (full 0):
 PSYoungGen      total 38400K, used 33280K [0x00000000eab00000, 0x00000000ed580000, 0x0000000100000000)
  eden space 33280K, 100% used [0x00000000eab00000,0x00000000ecb80000,0x00000000ecb80000)
  from space 5120K, 0% used [0x00000000ed080000,0x00000000ed080000,0x00000000ed580000)
  to   space 5120K, 0% used [0x00000000ecb80000,0x00000000ecb80000,0x00000000ed080000)
 ParOldGen       total 87552K, used 0K [0x00000000c0000000, 0x00000000c5580000, 0x00000000eab00000)
  object space 87552K, 0% used [0x00000000c0000000,0x00000000c0000000,0x00000000c5580000)
 Metaspace       used 6117K, capacity 6966K, committed 7040K, reserved 1056768K
  class space    used 607K, capacity 622K, committed 640K, reserved 1048576K
Event: 1.792 GC heap after
Heap after GC invocations=1 (full 0):
 PSYoungGen      total 38400K, used 5119K [0x00000000eab00000, 0x00000000ed580000, 0x0000000100000000)
  eden space 33280K, 0% used [0x00000000eab00000,0x00000000eab00000,0x00000000ecb80000)
  from space 5120K, 99% used [0x00000000ecb80000,0x00000000ed07fcb8,0x00000000ed080000)
  to   space 5120K, 0% used [0x00000000ed080000,0x00000000ed080000,0x00000000ed580000)
 ParOldGen       total 87552K, used 1029K [0x00000000c0000000, 0x00000000c5580000, 0x00000000eab00000)
  object space 87552K, 1% used [0x00000000c0000000,0x00000000c0101418,0x00000000c5580000)
 Metaspace       used 6117K, capacity 6966K, committed 7040K, reserved 1056768K
  class space    used 607K, capacity 622K, committed 640K, reserved 1048576K
}
Event: 2.880 GC heap before
{Heap before GC invocations=2 (full 0):
 PSYoungGen      total 38400K, used 38399K [0x00000000eab00000, 0x00000000ed580000, 0x0000000100000000)
  eden space 33280K, 100% used [0x00000000eab00000,0x00000000ecb80000,0x00000000ecb80000)
  from space 5120K, 99% used [0x00000000ecb80000,0x00000000ed07fcb8,0x00000000ed080000)
  to   space 5120K, 0% used [0x00000000ed080000,0x00000000ed080000,0x00000000ed580000)
 ParOldGen       total 87552K, used 1029K [0x00000000c0000000, 0x00000000c5580000, 0x00000000eab00000)
  object space 87552K, 1% used [0x00000000c0000000,0x00000000c0101418,0x00000000c5580000)
 Metaspace       used 6276K, capacity 7094K, committed 7296K, reserved 1056768K
  class space    used 608K, capacity 622K, committed 640K, reserved 1048576K
Event: 2.898 GC heap after
Heap after GC invocations=2 (full 0):
 PSYoungGen      total 38400K, used 5118K [0x00000000eab00000, 0x00000000ed580000, 0x0000000100000000)
  eden space 33280K, 0% used [0x00000000eab00000,0x00000000eab00000,0x00000000ecb80000)
  from space 5120K, 99% used [0x00000000ed080000,0x00000000ed57f838,0x00000000ed580000)
  to   space 5120K, 0% used [0x00000000ecb80000,0x00000000ecb80000,0x00000000ed080000)
 ParOldGen       total 87552K, used 5753K [0x00000000c0000000, 0x00000000c5580000, 0x00000000eab00000)
  object space 87552K, 6% used [0x00000000c0000000,0x00000000c059e6b8,0x00000000c5580000)
 Metaspace       used 6276K, capacity 7094K, committed 7296K, reserved 1056768K
  class space    used 608K, capacity 622K, committed 640K, reserved 1048576K
}
Event: 3.028 GC heap before
{Heap before GC invocations=3 (full 0):
 PSYoungGen      total 38400K, used 38398K [0x00000000eab00000, 0x00000000ed580000, 0x0000000100000000)
  eden space 33280K, 100% used [0x00000000eab00000,0x00000000ecb80000,0x00000000ecb80000)
  from space 5120K, 99% used [0x00000000ed080000,0x00000000ed57f838,0x00000000ed580000)
  to   space 5120K, 0% used [0x00000000ecb80000,0x00000000ecb80000,0x00000000ed080000)
 ParOldGen       total 87552K, used 5753K [0x00000000c0000000, 0x00000000c5580000, 0x00000000eab00000)
  object space 87552K, 6% used [0x00000000c0000000,0x00000000c059e6b8,0x00000000c5580000)
 Metaspace       used 6310K, capacity 7158K, committed 7296K, reserved 1056768K
  class space    used 608K, capacity 622K, committed 640K, reserved 1048576K
Event: 3.051 GC heap after
Heap after GC invocations=3 (full 0):
 PSYoungGen      total 38400K, used 5088K [0x00000000eab00000, 0x00000000ed580000, 0x0000000100000000)
  eden space 33280K, 0% used [0x00000000eab00000,0x00000000eab00000,0x00000000ecb80000)
  from space 5120K, 99% used [0x00000000ecb80000,0x00000000ed0781a0,0x00000000ed080000)
  to   space 5120K, 0% used [0x00000000ed080000,0x00000000ed080000,0x00000000ed580000)
 ParOldGen       total 87552K, used 10564K [0x00000000c0000000, 0x00000000c5580000, 0x00000000eab00000)
  object space 87552K, 12% used [0x00000000c0000000,0x00000000c0a51030,0x00000000c5580000)
 Metaspace       used 6310K, capacity 7158K, committed 7296K, reserved 1056768K
  class space    used 608K, capacity 622K, committed 640K, reserved 1048576K
}
Event: 3.567 GC heap before
{Heap before GC invocations=4 (full 0):
 PSYoungGen      total 38400K, used 38368K [0x00000000eab00000, 0x00000000ed580000, 0x0000000100000000)
  eden space 33280K, 100% used [0x00000000eab00000,0x00000000ecb80000,0x00000000ecb80000)
  from space 5120K, 99% used [0x00000000ecb80000,0x00000000ed0781a0,0x00000000ed080000)
  to   space 5120K, 0% used [0x00000000ed080000,0x00000000ed080000,0x00000000ed580000)
 ParOldGen       total 87552K, used 10564K [0x00000000c0000000, 0x00000000c5580000, 0x00000000eab00000)
  object space 87552K, 12% used [0x00000000c0000000,0x00000000c0a51030,0x00000000c5580000)
 Metaspace       used 6348K, capacity 7158K, committed 7296K, reserved 1056768K
  class space    used 609K, capacity 622K, committed 640K, reserved 1048576K
Event: 3.677 GC heap after
Heap after GC invocations=4 (full 0):
 PSYoungGen      total 38400K, used 5100K [0x00000000eab00000, 0x00000000ed580000, 0x0000000100000000)
  eden space 33280K, 0% used [0x00000000eab00000,0x00000000eab00000,0x00000000ecb80000)
  from space 5120K, 99% used [0x00000000ed080000,0x00000000ed57b090,0x00000000ed580000)
  to   space 5120K, 0% used [0x00000000ecb80000,0x00000000ecb80000,0x00000000ed080000)
 ParOldGen       total 87552K, used 15752K [0x00000000c0000000, 0x00000000c5580000, 0x00000000eab00000)
  object space 87552K, 17% used [0x00000000c0000000,0x00000000c0f62010,0x00000000c5580000)
 Metaspace       used 6348K, capacity 7158K, committed 7296K, reserved 1056768K
  class space    used 609K, capacity 622K, committed 640K, reserved 1048576K
}

Deoptimization events (10 events):
Event: 2.916 Thread 0x0000000015d09800 Uncommon trap: reason=unstable_if action=reinterpret pc=0x0000000002c07d30 method=com.android.dx.rop.code.RegisterSpecSet.localItemToSpec(Lcom/android/dx/rop/code/LocalItem;)Lcom/android/dx/rop/code/RegisterSpec; @ 35
Event: 2.955 Thread 0x0000000002520800 Uncommon trap: reason=unstable_if action=reinterpret pc=0x000000000280f8a0 method=java.lang.String.<init>([CII)V @ 18
Event: 2.991 Thread 0x0000000015d12800 Uncommon trap: reason=bimorphic action=maybe_recompile pc=0x0000000002cd34fc method=com.android.dx.cf.code.RopperMachine.run(Lcom/android/dx/cf/code/Frame;II)V @ 978
Event: 3.003 Thread 0x0000000002520800 Uncommon trap: reason=unstable_if action=reinterpret pc=0x0000000002aa6b7c method=com.android.dx.util.IntList.binarysearch(I)I @ 105
Event: 3.061 Thread 0x0000000015d12800 Uncommon trap: reason=bimorphic action=maybe_recompile pc=0x0000000002cd34fc method=com.android.dx.cf.code.RopperMachine.run(Lcom/android/dx/cf/code/Frame;II)V @ 978
Event: 3.061 Thread 0x0000000015d12800 Uncommon trap: reason=bimorphic action=maybe_recompile pc=0x0000000002cd34fc method=com.android.dx.cf.code.RopperMachine.run(Lcom/android/dx/cf/code/Frame;II)V @ 978
Event: 3.061 Thread 0x0000000015d12800 Uncommon trap: reason=bimorphic action=maybe_recompile pc=0x0000000002cd34fc method=com.android.dx.cf.code.RopperMachine.run(Lcom/android/dx/cf/code/Frame;II)V @ 978
Event: 3.062 Thread 0x0000000015d12800 Uncommon trap: reason=unstable_if action=reinterpret pc=0x0000000002b39f94 method=com.android.dx.ssa.SCCP.simulateStmt(Lcom/android/dx/ssa/SsaInsn;)V @ 53
Event: 3.236 Thread 0x0000000015d12800 Uncommon trap: reason=unloaded action=reinterpret pc=0x0000000002b79148 method=com.android.dx.ssa.LiteralOpUpgrader$1.visitNonMoveInsn(Lcom/android/dx/ssa/NormalSsaInsn;)V @ 72
Event: 3.236 Thread 0x0000000015d12800 Uncommon trap: reason=unstable_if action=reinterpret pc=0x0000000002a5fb5c method=com.android.dx.ssa.SsaMethod.updateOneDefinition(Lcom/android/dx/ssa/SsaInsn;Lcom/android/dx/rop/code/RegisterSpec;)V @ 4

Internal exceptions (4 events):
Event: 0.045 Thread 0x0000000002520800 Exception <a 'java/lang/NoSuchMethodError': Method sun.misc.Unsafe.defineClass(Ljava/lang/String;[BII)Ljava/lang/Class; name or signature does not match> (0x00000000eab07cc0) thrown at [D:\re\workspace\8-2-build-windows-amd64-cygwin\jdk8u77\6540\hotspot\sr„£ï÷òA§?
Event: 0.045 Thread 0x0000000002520800 Exception <a 'java/lang/NoSuchMethodError': Method sun.misc.Unsafe.prefetchRead(Ljava/lang/Object;J)V name or signature does not match> (0x00000000eab07fa8) thrown at [D:\re\workspace\8-2-build-windows-amd64-cygwin\jdk8u77\6540\hotspot\src\share\vm\prims\jÈ+…9®@ý?
Event: 1.828 Thread 0x0000000015d09800 Implicit null exception at 0x0000000002a57322 to 0x0000000002a57412
Event: 2.693 Thread 0x0000000015d12800 Implicit null exception at 0x0000000002c0fb5a to 0x0000000002c11f89

Events (10 events):
Event: 3.236 loading class com/android/dx/rop/code/RegOps done
Event: 3.236 Thread 0x0000000015d12800 DEOPT PACKING pc=0x0000000002b79148 sp=0x00000000166deb90
Event: 3.236 Thread 0x0000000015d12800 DEOPT UNPACKING pc=0x000000000266582a sp=0x00000000166deb58 mode 2
Event: 3.236 Thread 0x0000000015d12800 Uncommon trap: trap_request=0xffffff65 fr.pc=0x0000000002a5fb5c
Event: 3.236 Thread 0x0000000015d12800 DEOPT PACKING pc=0x0000000002a5fb5c sp=0x00000000166de9d0
Event: 3.236 Thread 0x0000000015d12800 DEOPT UNPACKING pc=0x000000000266582a sp=0x00000000166de978 mode 2
Event: 3.264 Thread 0x0000000015d12800 DEOPT PACKING pc=0x0000000002cc4aa9 sp=0x00000000166df080
Event: 3.264 Thread 0x0000000015d12800 DEOPT UNPACKING pc=0x000000000266747f sp=0x00000000166dee88 mode 0
Event: 3.308 Executing VM operation: ParallelGCFailedAllocation
Event: 3.677 Executing VM operation: ParallelGCFailedAllocation done


Dynamic libraries:
0x00007ff63d9c0000 - 0x00007ff63d9f7000 	E:\Program Files\Java\jdk1.8.0_77\bin\java.exe
0x00007ffbf2100000 - 0x00007ffbf22c1000 	C:\WINDOWS\SYSTEM32\ntdll.dll
0x00007ffbf1890000 - 0x00007ffbf193d000 	C:\WINDOWS\system32\KERNEL32.DLL
0x00007ffbee7f0000 - 0x00007ffbee9d8000 	C:\WINDOWS\system32\KERNELBASE.dll
0x00007ffbf1390000 - 0x00007ffbf1437000 	C:\WINDOWS\system32\ADVAPI32.dll
0x00007ffbef7d0000 - 0x00007ffbef86d000 	C:\WINDOWS\system32\msvcrt.dll
0x00007ffbf20a0000 - 0x00007ffbf20fb000 	C:\WINDOWS\system32\sechost.dll
0x00007ffbf1250000 - 0x00007ffbf136c000 	C:\WINDOWS\system32\RPCRT4.dll
0x00007ffbf1980000 - 0x00007ffbf1ad6000 	C:\WINDOWS\system32\USER32.dll
0x00007ffbefb50000 - 0x00007ffbefcd6000 	C:\WINDOWS\system32\GDI32.dll
0x00007ffbe22b0000 - 0x00007ffbe2524000 	C:\WINDOWS\WinSxS\amd64_microsoft.windows.common-controls_6595b64144ccf1df_6.0.10586.0_none_8c15ae12515e1c22\COMCTL32.dll
0x00007ffbf1600000 - 0x00007ffbf187d000 	C:\WINDOWS\system32\combase.dll
0x00007ffbee9e0000 - 0x00007ffbeea4a000 	C:\WINDOWS\system32\bcryptPrimitives.dll
0x00007ffbf1940000 - 0x00007ffbf197b000 	C:\WINDOWS\system32\IMM32.DLL
0x0000000063010000 - 0x00000000630e2000 	E:\Program Files\Java\jdk1.8.0_77\jre\bin\msvcr100.dll
0x00000000630f0000 - 0x0000000063980000 	E:\Program Files\Java\jdk1.8.0_77\jre\bin\server\jvm.dll
0x00007ffbf1240000 - 0x00007ffbf1248000 	C:\WINDOWS\system32\PSAPI.DLL
0x00007ffbd5c60000 - 0x00007ffbd5c69000 	C:\WINDOWS\SYSTEM32\WSOCK32.dll
0x00007ffbef760000 - 0x00007ffbef7cb000 	C:\WINDOWS\system32\WS2_32.dll
0x00007ffbece30000 - 0x00007ffbece53000 	C:\WINDOWS\SYSTEM32\WINMM.dll
0x00007ffbe3240000 - 0x00007ffbe324a000 	C:\WINDOWS\SYSTEM32\VERSION.dll
0x00007ffbecdd0000 - 0x00007ffbecdfc000 	C:\WINDOWS\SYSTEM32\WINMMBASE.dll
0x00007ffbef3d0000 - 0x00007ffbef413000 	C:\WINDOWS\system32\cfgmgr32.dll
0x0000000063000000 - 0x000000006300f000 	E:\Program Files\Java\jdk1.8.0_77\jre\bin\verify.dll
0x0000000062fd0000 - 0x0000000062ff9000 	E:\Program Files\Java\jdk1.8.0_77\jre\bin\java.dll
0x0000000062fb0000 - 0x0000000062fc6000 	E:\Program Files\Java\jdk1.8.0_77\jre\bin\zip.dll
0x00007ffbefce0000 - 0x00007ffbf123f000 	C:\WINDOWS\system32\SHELL32.dll
0x00007ffbeea50000 - 0x00007ffbef094000 	C:\WINDOWS\system32\windows.storage.dll
0x00007ffbefad0000 - 0x00007ffbefb22000 	C:\WINDOWS\system32\shlwapi.dll
0x00007ffbee780000 - 0x00007ffbee78f000 	C:\WINDOWS\system32\kernel.appcore.dll
0x00007ffbef420000 - 0x00007ffbef4d5000 	C:\WINDOWS\system32\shcore.dll
0x00007ffbee720000 - 0x00007ffbee76b000 	C:\WINDOWS\system32\powrprof.dll
0x00007ffbee700000 - 0x00007ffbee714000 	C:\WINDOWS\system32\profapi.dll

VM Arguments:
jvm_args: -Djava.awt.headless=true -Xmx1024M -Dfile.encoding=GBK -Duser.country=CN -Duser.language=zh -Duser.variant 
java_command: com.android.dx.command.Main --dex --force-jumbo --num-threads=4 --output C:\Users\Administrator\Desktop\SunShine\app\build\intermediates\pre-dexed\debug\com.android.support-appcompat-v7-24.1.1_a021684503da7b531590cc870cf116a484c96285.jar C:\Users\Administrator\Desktop\SunShine\app\build\intermediates\exploded-aar\com.android.support\appcompat-v7\24.1.1\jars\classes.jar
java_class_path (initial): E:\Users\Administrator\AppData\Local\Android\sdk\build-tools\24.0.0\lib\dx.jar
Launcher Type: SUN_STANDARD

Environment Variables:
JAVA_HOME=E:\Program Files\Java\jdk1.8.0_77
CLASSPATH=E:\Program Files\Java\jdk1.8.0_77\lib\dt.jar;E:\Program Files\Java\jdk1.8.0_77\lib\tools.jar
PATH=C:\ProgramData\Oracle\Java\javapath;C:\WINDOWS\system32;C:\WINDOWS;C:\WINDOWS\System32\Wbem;C:\WINDOWS\System32\WindowsPowerShell\v1.0\;C:\Program Files\TortoiseSVN\bin;E:\Program Files\Git\cmd;E:\Program Files\Java\jdk1.8.0_77\bin;E:\Users\Administrator\AppData\Local\Android\sdk\platform-tools;
USERNAME=Administrator
OS=Windows_NT
PROCESSOR_IDENTIFIER=Intel64 Family 6 Model 60 Stepping 3, GenuineIntel



---------------  S Y S T E M  ---------------

OS: Windows 10.0 , 64 bit Build 10586 (10.0.10586.0)

CPU:total 2 (2 cores per cpu, 1 threads per core) family 6 model 60 stepping 3, cmov, cx8, fxsr, mmx, sse, sse2, sse3, ssse3, sse4.1, sse4.2, popcnt, clmul, erms, lzcnt, tsc, tscinvbit

Memory: 4k page, physical 8286208k(1112796k free), swap 8286208k(5756k free)

vm_info: Java HotSpot(TM) 64-Bit Server VM (25.77-b03) for windows-amd64 JRE (1.8.0_77-b03), built on Mar 20 2016 22:01:33 by "java_re" with MS VC++ 10.0 (VS2010)

time: Tue Aug 02 11:03:39 2016
elapsed time: 3 seconds (0d 0h 0m 3s)

